[ 2016-08-28T15:43:21+08:00 ] ::1 /thinkcmd/index.php?g=&m=AdminPost&a=index&menuid=7
NOTIC: D方法实例化没找到模型类Portal\Model\PostsModel

[ 2016-08-28T15:43:21+08:00 ] ::1 /thinkcmd/index.php?g=&m=AdminPost&a=index
NOTIC: D方法实例化没找到模型类Portal\Model\PostsModel

[ 2016-08-28T15:43:21+08:00 ] ::1 /thinkcmd/index.php?g=Portal&m=AdminPage&a=index&menuid=25
NOTIC: D方法实例化没找到模型类Common\Model\PostsModel

[ 2016-08-28T15:51:39+08:00 ] ::1 /thinkcmd/public/js/main.js
ERR: 无法加载控制器:Public

[ 2016-08-28T15:51:39+08:00 ] ::1 /thinkcmd/upload/video/video.mp4
ERR: 无法加载控制器:Upload

[ 2016-08-28T15:52:50+08:00 ] ::1 /thinkcmd/public/js/main.js
ERR: 无法加载控制器:Public

[ 2016-08-28T15:52:50+08:00 ] ::1 /thinkcmd/upload/video/video.mp4
ERR: 无法加载控制器:Upload

[ 2016-08-28T15:52:50+08:00 ] ::1 /thinkcmd/themes/app/system/include/static/fonts/font-awesome/fontawesome-webfont.woff2?v=4.5.0
ERR: 无法加载控制器:Themes

[ 2016-08-28T15:52:50+08:00 ] ::1 /thinkcmd/themes/app/system/include/static/fonts/font-awesome/fontawesome-webfont.woff?v=4.5.0
ERR: 无法加载控制器:Themes

[ 2016-08-28T15:52:50+08:00 ] ::1 /thinkcmd/themes/app/system/include/static/fonts/font-awesome/fontawesome-webfont.ttf?v=4.5.0
ERR: 无法加载控制器:Themes

[ 2016-08-28T15:53:12+08:00 ] ::1 /thinkcmd/upload/video/video.mp4
ERR: 无法加载控制器:Upload

[ 2016-08-28T15:53:12+08:00 ] ::1 /thinkcmd/themes/app/system/include/static/fonts/font-awesome/fontawesome-webfont.woff2?v=4.5.0
ERR: 无法加载控制器:Themes

[ 2016-08-28T15:53:12+08:00 ] ::1 /thinkcmd/themes/app/system/include/static/fonts/font-awesome/fontawesome-webfont.woff?v=4.5.0
ERR: 无法加载控制器:Themes

[ 2016-08-28T15:53:12+08:00 ] ::1 /thinkcmd/themes/app/system/include/static/fonts/font-awesome/fontawesome-webfont.ttf?v=4.5.0
ERR: 无法加载控制器:Themes

[ 2016-08-28T15:53:12+08:00 ] ::1 /thinkcmd/themes/app/system/include/static/fonts/web-icons/web-icons.woff2?v=0.2.3
ERR: 无法加载控制器:Themes

[ 2016-08-28T15:53:12+08:00 ] ::1 /thinkcmd/themes/app/system/include/static/fonts/web-icons/web-icons.woff?v=0.2.3
ERR: 无法加载控制器:Themes

[ 2016-08-28T15:53:12+08:00 ] ::1 /thinkcmd/themes/app/system/include/static/fonts/web-icons/web-icons.ttf?v=0.2.3
ERR: 无法加载控制器:Themes

[ 2016-08-28T15:53:13+08:00 ] ::1 /thinkcmd/include/thumb.php?dir=upload/201607/1468331036.jpg&x=400&y=235
ERR: 无法加载控制器:Include

[ 2016-08-28T15:53:13+08:00 ] ::1 /thinkcmd/include/thumb.php?dir=upload/201607/1467882285941105.jpg&x=400&y=235
ERR: 无法加载控制器:Include

[ 2016-08-28T15:53:13+08:00 ] ::1 /thinkcmd/include/thumb.php?dir=upload/201607/1467883017.jpg&x=400&y=235
ERR: 无法加载控制器:Include

[ 2016-08-28T15:53:13+08:00 ] ::1 /thinkcmd/include/thumb.php?dir=upload/201607/1468308663100221.jpg&x=320&y=180
ERR: 无法加载控制器:Include

[ 2016-08-28T15:53:13+08:00 ] ::1 /thinkcmd/include/thumb.php?dir=upload/201607/1468310209754605.jpg&x=320&y=180
ERR: 无法加载控制器:Include

[ 2016-08-28T15:53:13+08:00 ] ::1 /thinkcmd/include/thumb.php?dir=upload/201607/1468308011101580.png&x=320&y=180
ERR: 无法加载控制器:Include

[ 2016-08-28T15:53:13+08:00 ] ::1 /thinkcmd/include/thumb.php?dir=upload/201607/1468307527675297.jpg&x=320&y=180
ERR: 无法加载控制器:Include

[ 2016-08-28T15:53:14+08:00 ] ::1 /thinkcmd/include/thumb.php?dir=upload/201607/1468311719109132.jpg&x=50&y=50
ERR: 无法加载控制器:Include

[ 2016-08-28T15:53:14+08:00 ] ::1 /thinkcmd/include/thumb.php?dir=upload/201607/1468311919309828.jpg&x=50&y=50
ERR: 无法加载控制器:Include

[ 2016-08-28T15:53:14+08:00 ] ::1 /thinkcmd/include/thumb.php?dir=upload/201607/1468312144140292.jpg&x=50&y=50
ERR: 无法加载控制器:Include

[ 2016-08-28T15:53:40+08:00 ] ::1 /thinkcmd/about/
ERR: 无法加载控制器:About

[ 2016-08-28T15:53:42+08:00 ] ::1 /thinkcmd/upload/video/video.mp4
ERR: 无法加载控制器:Upload

[ 2016-08-28T15:57:14+08:00 ] ::1 /thinkcmd/upload/video/video.mp4
ERR: 无法加载控制器:Upload

[ 2016-08-28T15:57:14+08:00 ] ::1 /thinkcmd/themes/app/system/include/static/fonts/font-awesome/fontawesome-webfont.woff2?v=4.5.0
ERR: 无法加载控制器:Themes

[ 2016-08-28T15:57:14+08:00 ] ::1 /thinkcmd/themes/app/system/include/static/fonts/font-awesome/fontawesome-webfont.woff?v=4.5.0
ERR: 无法加载控制器:Themes

[ 2016-08-28T15:57:14+08:00 ] ::1 /thinkcmd/themes/app/system/include/static/fonts/web-icons/web-icons.woff2?v=0.2.3
ERR: 无法加载控制器:Themes

[ 2016-08-28T15:57:14+08:00 ] ::1 /thinkcmd/themes/app/system/include/static/fonts/font-awesome/fontawesome-webfont.ttf?v=4.5.0
ERR: 无法加载控制器:Themes

[ 2016-08-28T15:57:14+08:00 ] ::1 /thinkcmd/themes/app/system/include/static/fonts/web-icons/web-icons.woff?v=0.2.3
ERR: 无法加载控制器:Themes

[ 2016-08-28T15:57:14+08:00 ] ::1 /thinkcmd/themes/app/system/include/static/fonts/web-icons/web-icons.ttf?v=0.2.3
ERR: 无法加载控制器:Themes

[ 2016-08-28T15:57:27+08:00 ] ::1 /thinkcmd/upload/video/video.mp4
ERR: 无法加载控制器:Upload

[ 2016-08-28T15:57:27+08:00 ] ::1 /thinkcmd/themes/app/system/include/static/fonts/font-awesome/fontawesome-webfont.woff2?v=4.5.0
ERR: 无法加载控制器:Themes

[ 2016-08-28T15:57:27+08:00 ] ::1 /thinkcmd/themes/app/system/include/static/fonts/font-awesome/fontawesome-webfont.woff?v=4.5.0
ERR: 无法加载控制器:Themes

[ 2016-08-28T15:57:27+08:00 ] ::1 /thinkcmd/themes/app/system/include/static/fonts/web-icons/web-icons.woff2?v=0.2.3
ERR: 无法加载控制器:Themes

[ 2016-08-28T15:57:27+08:00 ] ::1 /thinkcmd/themes/app/system/include/static/fonts/web-icons/web-icons.woff?v=0.2.3
ERR: 无法加载控制器:Themes

[ 2016-08-28T15:57:27+08:00 ] ::1 /thinkcmd/themes/app/system/include/static/fonts/font-awesome/fontawesome-webfont.ttf?v=4.5.0
ERR: 无法加载控制器:Themes

[ 2016-08-28T15:57:27+08:00 ] ::1 /thinkcmd/themes/app/system/include/static/fonts/web-icons/web-icons.ttf?v=0.2.3
ERR: 无法加载控制器:Themes

[ 2016-08-28T15:57:49+08:00 ] ::1 /thinkcmd/upload/video/video.mp4
ERR: 无法加载控制器:Upload

[ 2016-08-28T15:57:49+08:00 ] ::1 /thinkcmd/themes/app/system/include/static/fonts/font-awesome/fontawesome-webfont.woff2?v=4.5.0
ERR: 无法加载控制器:Themes

[ 2016-08-28T15:57:49+08:00 ] ::1 /thinkcmd/themes/app/system/include/static/fonts/font-awesome/fontawesome-webfont.woff?v=4.5.0
ERR: 无法加载控制器:Themes

[ 2016-08-28T15:57:49+08:00 ] ::1 /thinkcmd/themes/app/system/include/static/fonts/web-icons/web-icons.woff2?v=0.2.3
ERR: 无法加载控制器:Themes

[ 2016-08-28T15:57:49+08:00 ] ::1 /thinkcmd/themes/app/system/include/static/fonts/font-awesome/fontawesome-webfont.ttf?v=4.5.0
ERR: 无法加载控制器:Themes

[ 2016-08-28T15:57:49+08:00 ] ::1 /thinkcmd/themes/app/system/include/static/fonts/web-icons/web-icons.woff?v=0.2.3
ERR: 无法加载控制器:Themes

[ 2016-08-28T15:57:49+08:00 ] ::1 /thinkcmd/themes/app/system/include/static/fonts/web-icons/web-icons.ttf?v=0.2.3
ERR: 无法加载控制器:Themes

[ 2016-08-28T16:02:32+08:00 ] ::1 /thinkcmd/upload/video/video.mp4
ERR: 无法加载控制器:Upload

[ 2016-08-28T16:02:32+08:00 ] ::1 /thinkcmd/themes/app/system/include/static/fonts/font-awesome/fontawesome-webfont.woff2?v=4.5.0
ERR: 无法加载控制器:Themes

[ 2016-08-28T16:02:32+08:00 ] ::1 /thinkcmd/themes/app/system/include/static/fonts/font-awesome/fontawesome-webfont.woff?v=4.5.0
ERR: 无法加载控制器:Themes

[ 2016-08-28T16:02:32+08:00 ] ::1 /thinkcmd/themes/app/system/include/static/fonts/web-icons/web-icons.woff2?v=0.2.3
ERR: 无法加载控制器:Themes

[ 2016-08-28T16:02:32+08:00 ] ::1 /thinkcmd/themes/app/system/include/static/fonts/web-icons/web-icons.woff?v=0.2.3
ERR: 无法加载控制器:Themes

[ 2016-08-28T16:02:32+08:00 ] ::1 /thinkcmd/themes/app/system/include/static/fonts/font-awesome/fontawesome-webfont.ttf?v=4.5.0
ERR: 无法加载控制器:Themes

[ 2016-08-28T16:02:32+08:00 ] ::1 /thinkcmd/themes/app/system/include/static/fonts/web-icons/web-icons.ttf?v=0.2.3
ERR: 无法加载控制器:Themes

[ 2016-08-28T16:02:35+08:00 ] ::1 /thinkcmd/include/thumb.php?dir=upload/201607/1468331036.jpg&x=400&y=235
ERR: 无法加载控制器:Include

[ 2016-08-28T16:02:35+08:00 ] ::1 /thinkcmd/include/thumb.php?dir=upload/201607/1467882285645304.jpg&x=400&y=235
ERR: 无法加载控制器:Include

[ 2016-08-28T16:02:35+08:00 ] ::1 /thinkcmd/include/thumb.php?dir=upload/201607/1467882285941105.jpg&x=400&y=235
ERR: 无法加载控制器:Include

[ 2016-08-28T16:02:35+08:00 ] ::1 /thinkcmd/include/thumb.php?dir=upload/201607/1467883017.jpg&x=400&y=235
ERR: 无法加载控制器:Include

[ 2016-08-28T16:02:35+08:00 ] ::1 /thinkcmd/include/thumb.php?dir=upload/201607/1467882284934736.jpg&x=400&y=235
ERR: 无法加载控制器:Include

[ 2016-08-28T16:02:38+08:00 ] ::1 /thinkcmd/include/thumb.php?dir=upload/201607/1468308663100221.jpg&x=320&y=180
ERR: 无法加载控制器:Include

[ 2016-08-28T16:02:38+08:00 ] ::1 /thinkcmd/include/thumb.php?dir=upload/201607/1468308011101580.png&x=320&y=180
ERR: 无法加载控制器:Include

[ 2016-08-28T16:02:38+08:00 ] ::1 /thinkcmd/include/thumb.php?dir=upload/201607/1468310209754605.jpg&x=320&y=180
ERR: 无法加载控制器:Include

[ 2016-08-28T16:02:38+08:00 ] ::1 /thinkcmd/include/thumb.php?dir=upload/201607/1468307527675297.jpg&x=320&y=180
ERR: 无法加载控制器:Include

[ 2016-08-28T16:02:56+08:00 ] ::1 /thinkcmd/upload/video/video.mp4
ERR: 无法加载控制器:Upload

[ 2016-08-28T16:02:56+08:00 ] ::1 /thinkcmd/themes/app/system/include/static/fonts/font-awesome/fontawesome-webfont.woff2?v=4.5.0
ERR: 无法加载控制器:Themes

[ 2016-08-28T16:02:56+08:00 ] ::1 /thinkcmd/themes/app/system/include/static/fonts/font-awesome/fontawesome-webfont.woff?v=4.5.0
ERR: 无法加载控制器:Themes

[ 2016-08-28T16:02:56+08:00 ] ::1 /thinkcmd/themes/app/system/include/static/fonts/web-icons/web-icons.woff2?v=0.2.3
ERR: 无法加载控制器:Themes

[ 2016-08-28T16:02:56+08:00 ] ::1 /thinkcmd/themes/app/system/include/static/fonts/font-awesome/fontawesome-webfont.ttf?v=4.5.0
ERR: 无法加载控制器:Themes

[ 2016-08-28T16:02:56+08:00 ] ::1 /thinkcmd/themes/app/system/include/static/fonts/web-icons/web-icons.woff?v=0.2.3
ERR: 无法加载控制器:Themes

[ 2016-08-28T16:02:56+08:00 ] ::1 /thinkcmd/themes/app/system/include/static/fonts/web-icons/web-icons.ttf?v=0.2.3
ERR: 无法加载控制器:Themes

[ 2016-08-28T16:03:13+08:00 ] ::1 /thinkcmd/about/
ERR: 无法加载控制器:About

[ 2016-08-28T16:03:15+08:00 ] ::1 /thinkcmd/upload/video/video.mp4
ERR: 无法加载控制器:Upload

[ 2016-08-28T16:03:38+08:00 ] ::1 /thinkcmd/include/thumb.php?dir=upload/201607/1468331036.jpg&x=400&y=235
ERR: 无法加载控制器:Include

[ 2016-08-28T16:03:38+08:00 ] ::1 /thinkcmd/include/thumb.php?dir=upload/201607/1467883017.jpg&x=400&y=235
ERR: 无法加载控制器:Include

[ 2016-08-28T16:03:38+08:00 ] ::1 /thinkcmd/include/thumb.php?dir=upload/201607/1467882285941105.jpg&x=400&y=235
ERR: 无法加载控制器:Include

[ 2016-08-28T16:03:40+08:00 ] ::1 /thinkcmd/include/thumb.php?dir=upload/201607/1468307527675297.jpg&x=320&y=180
ERR: 无法加载控制器:Include

[ 2016-08-28T16:03:40+08:00 ] ::1 /thinkcmd/include/thumb.php?dir=upload/201607/1468308663100221.jpg&x=320&y=180
ERR: 无法加载控制器:Include

[ 2016-08-28T16:03:40+08:00 ] ::1 /thinkcmd/include/thumb.php?dir=upload/201607/1468308011101580.png&x=320&y=180
ERR: 无法加载控制器:Include

[ 2016-08-28T16:03:40+08:00 ] ::1 /thinkcmd/include/thumb.php?dir=upload/201607/1468310209754605.jpg&x=320&y=180
ERR: 无法加载控制器:Include

[ 2016-08-28T16:03:40+08:00 ] ::1 /thinkcmd/include/thumb.php?dir=upload/201607/1468311719109132.jpg&x=50&y=50
ERR: 无法加载控制器:Include

[ 2016-08-28T16:03:44+08:00 ] ::1 /thinkcmd/upload/video/video.mp4
ERR: 无法加载控制器:Upload

[ 2016-08-28T16:03:44+08:00 ] ::1 /thinkcmd/themes/app/system/include/static/fonts/font-awesome/fontawesome-webfont.woff2?v=4.5.0
ERR: 无法加载控制器:Themes

[ 2016-08-28T16:03:44+08:00 ] ::1 /thinkcmd/themes/app/system/include/static/fonts/font-awesome/fontawesome-webfont.woff?v=4.5.0
ERR: 无法加载控制器:Themes

[ 2016-08-28T16:03:44+08:00 ] ::1 /thinkcmd/themes/app/system/include/static/fonts/web-icons/web-icons.woff2?v=0.2.3
ERR: 无法加载控制器:Themes

[ 2016-08-28T16:03:44+08:00 ] ::1 /thinkcmd/themes/app/system/include/static/fonts/font-awesome/fontawesome-webfont.ttf?v=4.5.0
ERR: 无法加载控制器:Themes

[ 2016-08-28T16:03:44+08:00 ] ::1 /thinkcmd/themes/app/system/include/static/fonts/web-icons/web-icons.woff?v=0.2.3
ERR: 无法加载控制器:Themes

[ 2016-08-28T16:03:44+08:00 ] ::1 /thinkcmd/themes/app/system/include/static/fonts/web-icons/web-icons.ttf?v=0.2.3
ERR: 无法加载控制器:Themes

[ 2016-08-28T16:03:45+08:00 ] ::1 /thinkcmd/include/thumb.php?dir=upload/201607/1467882285941105.jpg&x=400&y=235
ERR: 无法加载控制器:Include

[ 2016-08-28T16:03:45+08:00 ] ::1 /thinkcmd/include/thumb.php?dir=upload/201607/1467883017.jpg&x=400&y=235
ERR: 无法加载控制器:Include

[ 2016-08-28T16:03:45+08:00 ] ::1 /thinkcmd/include/thumb.php?dir=upload/201607/1468331036.jpg&x=400&y=235
ERR: 无法加载控制器:Include

[ 2016-08-28T16:03:45+08:00 ] ::1 /thinkcmd/include/thumb.php?dir=upload/201607/1468310209754605.jpg&x=320&y=180
ERR: 无法加载控制器:Include

[ 2016-08-28T16:03:45+08:00 ] ::1 /thinkcmd/include/thumb.php?dir=upload/201607/1468308663100221.jpg&x=320&y=180
ERR: 无法加载控制器:Include

[ 2016-08-28T16:03:45+08:00 ] ::1 /thinkcmd/include/thumb.php?dir=upload/201607/1468308011101580.png&x=320&y=180
ERR: 无法加载控制器:Include

[ 2016-08-28T16:03:45+08:00 ] ::1 /thinkcmd/include/thumb.php?dir=upload/201607/1468307527675297.jpg&x=320&y=180
ERR: 无法加载控制器:Include

[ 2016-08-28T16:03:46+08:00 ] ::1 /thinkcmd/include/thumb.php?dir=upload/201607/1468311719109132.jpg&x=50&y=50
ERR: 无法加载控制器:Include

[ 2016-08-28T16:03:51+08:00 ] ::1 /thinkcmd/upload/video/video.mp4
ERR: 无法加载控制器:Upload

[ 2016-08-28T16:03:51+08:00 ] ::1 /thinkcmd/themes/app/system/include/static/fonts/font-awesome/fontawesome-webfont.woff2?v=4.5.0
ERR: 无法加载控制器:Themes

[ 2016-08-28T16:03:51+08:00 ] ::1 /thinkcmd/themes/app/system/include/static/fonts/font-awesome/fontawesome-webfont.woff?v=4.5.0
ERR: 无法加载控制器:Themes

[ 2016-08-28T16:03:51+08:00 ] ::1 /thinkcmd/themes/app/system/include/static/fonts/web-icons/web-icons.woff2?v=0.2.3
ERR: 无法加载控制器:Themes

[ 2016-08-28T16:03:51+08:00 ] ::1 /thinkcmd/themes/app/system/include/static/fonts/font-awesome/fontawesome-webfont.ttf?v=4.5.0
ERR: 无法加载控制器:Themes

[ 2016-08-28T16:03:51+08:00 ] ::1 /thinkcmd/themes/app/system/include/static/fonts/web-icons/web-icons.woff?v=0.2.3
ERR: 无法加载控制器:Themes

[ 2016-08-28T16:03:51+08:00 ] ::1 /thinkcmd/themes/app/system/include/static/fonts/web-icons/web-icons.ttf?v=0.2.3
ERR: 无法加载控制器:Themes

[ 2016-08-28T16:03:56+08:00 ] ::1 /thinkcmd/include/thumb.php?dir=upload/201607/1467882285941105.jpg&x=400&y=235
ERR: 无法加载控制器:Include

[ 2016-08-28T16:03:56+08:00 ] ::1 /thinkcmd/include/thumb.php?dir=upload/201607/1467883017.jpg&x=400&y=235
ERR: 无法加载控制器:Include

[ 2016-08-28T16:03:56+08:00 ] ::1 /thinkcmd/include/thumb.php?dir=upload/201607/1467882284934736.jpg&x=400&y=235
ERR: 无法加载控制器:Include

[ 2016-08-28T16:03:56+08:00 ] ::1 /thinkcmd/include/thumb.php?dir=upload/201607/1468331036.jpg&x=400&y=235
ERR: 无法加载控制器:Include

[ 2016-08-28T16:03:56+08:00 ] ::1 /thinkcmd/include/thumb.php?dir=upload/201607/1467882285645304.jpg&x=400&y=235
ERR: 无法加载控制器:Include

[ 2016-08-28T16:04:00+08:00 ] ::1 /thinkcmd/include/thumb.php?dir=upload/201607/1468310209754605.jpg&x=320&y=180
ERR: 无法加载控制器:Include

[ 2016-08-28T16:04:00+08:00 ] ::1 /thinkcmd/include/thumb.php?dir=upload/201607/1468308663100221.jpg&x=320&y=180
ERR: 无法加载控制器:Include

[ 2016-08-28T16:04:00+08:00 ] ::1 /thinkcmd/include/thumb.php?dir=upload/201607/1468308011101580.png&x=320&y=180
ERR: 无法加载控制器:Include

[ 2016-08-28T16:04:00+08:00 ] ::1 /thinkcmd/include/thumb.php?dir=upload/201607/1468307527675297.jpg&x=320&y=180
ERR: 无法加载控制器:Include

[ 2016-08-28T16:04:00+08:00 ] ::1 /thinkcmd/include/thumb.php?dir=upload/201607/1468311719109132.jpg&x=50&y=50
ERR: 无法加载控制器:Include

[ 2016-08-28T16:04:00+08:00 ] ::1 /thinkcmd/include/thumb.php?dir=upload/201607/1468312144140292.jpg&x=50&y=50
ERR: 无法加载控制器:Include

[ 2016-08-28T16:04:00+08:00 ] ::1 /thinkcmd/include/thumb.php?dir=upload/201607/1468311919309828.jpg&x=50&y=50
ERR: 无法加载控制器:Include

[ 2016-08-28T16:07:56+08:00 ] ::1 /thinkcmd/upload/video/video.mp4
ERR: 无法加载控制器:Upload

[ 2016-08-28T16:07:56+08:00 ] ::1 /thinkcmd/themes/app/system/include/static/fonts/font-awesome/fontawesome-webfont.woff2?v=4.5.0
ERR: 无法加载控制器:Themes

[ 2016-08-28T16:07:56+08:00 ] ::1 /thinkcmd/themes/app/system/include/static/fonts/font-awesome/fontawesome-webfont.woff?v=4.5.0
ERR: 无法加载控制器:Themes

[ 2016-08-28T16:07:56+08:00 ] ::1 /thinkcmd/themes/app/system/include/static/fonts/web-icons/web-icons.woff2?v=0.2.3
ERR: 无法加载控制器:Themes

[ 2016-08-28T16:07:56+08:00 ] ::1 /thinkcmd/themes/app/system/include/static/fonts/font-awesome/fontawesome-webfont.ttf?v=4.5.0
ERR: 无法加载控制器:Themes

[ 2016-08-28T16:07:56+08:00 ] ::1 /thinkcmd/themes/app/system/include/static/fonts/web-icons/web-icons.woff?v=0.2.3
ERR: 无法加载控制器:Themes

[ 2016-08-28T16:07:56+08:00 ] ::1 /thinkcmd/themes/app/system/include/static/fonts/web-icons/web-icons.ttf?v=0.2.3
ERR: 无法加载控制器:Themes

[ 2016-08-28T16:08:16+08:00 ] ::1 /thinkcmd/themes/pbyx/Public/js/masonry.pkgd.min.js
ERR: 无法加载控制器:Themes

[ 2016-08-28T16:08:16+08:00 ] ::1 /thinkcmd/themes/pbyx/Public/js/imagesloaded.pkgd.min.js
ERR: 无法加载控制器:Themes

[ 2016-08-28T16:08:17+08:00 ] ::1 /thinkcmd/upload/video/video.mp4
ERR: 无法加载控制器:Upload

[ 2016-08-28T16:09:11+08:00 ] ::1 /thinkcmd/upload/video/video.mp4
ERR: 无法加载控制器:Upload

[ 2016-08-28T16:09:11+08:00 ] ::1 /thinkcmd/themes/app/system/include/static/fonts/font-awesome/fontawesome-webfont.woff2?v=4.5.0
ERR: 无法加载控制器:Themes

[ 2016-08-28T16:09:11+08:00 ] ::1 /thinkcmd/themes/app/system/include/static/fonts/font-awesome/fontawesome-webfont.woff?v=4.5.0
ERR: 无法加载控制器:Themes

[ 2016-08-28T16:09:11+08:00 ] ::1 /thinkcmd/themes/app/system/include/static/fonts/web-icons/web-icons.woff2?v=0.2.3
ERR: 无法加载控制器:Themes

[ 2016-08-28T16:09:11+08:00 ] ::1 /thinkcmd/themes/app/system/include/static/fonts/font-awesome/fontawesome-webfont.ttf?v=4.5.0
ERR: 无法加载控制器:Themes

[ 2016-08-28T16:09:11+08:00 ] ::1 /thinkcmd/themes/app/system/include/static/fonts/web-icons/web-icons.woff?v=0.2.3
ERR: 无法加载控制器:Themes

[ 2016-08-28T16:09:11+08:00 ] ::1 /thinkcmd/themes/app/system/include/static/fonts/web-icons/web-icons.ttf?v=0.2.3
ERR: 无法加载控制器:Themes

[ 2016-08-28T16:21:54+08:00 ] ::1 /thinkcmd/upload/video/video.mp4
ERR: 无法加载控制器:Upload

[ 2016-08-28T16:21:54+08:00 ] ::1 /thinkcmd/themes/app/system/include/static/fonts/font-awesome/fontawesome-webfont.woff2?v=4.5.0
ERR: 无法加载控制器:Themes

[ 2016-08-28T16:21:54+08:00 ] ::1 /thinkcmd/themes/app/system/include/static/fonts/font-awesome/fontawesome-webfont.woff?v=4.5.0
ERR: 无法加载控制器:Themes

[ 2016-08-28T16:21:54+08:00 ] ::1 /thinkcmd/themes/app/system/include/static/fonts/web-icons/web-icons.woff2?v=0.2.3
ERR: 无法加载控制器:Themes

[ 2016-08-28T16:21:54+08:00 ] ::1 /thinkcmd/themes/app/system/include/static/fonts/font-awesome/fontawesome-webfont.ttf?v=4.5.0
ERR: 无法加载控制器:Themes

[ 2016-08-28T16:21:54+08:00 ] ::1 /thinkcmd/themes/app/system/include/static/fonts/web-icons/web-icons.woff?v=0.2.3
ERR: 无法加载控制器:Themes

[ 2016-08-28T16:21:54+08:00 ] ::1 /thinkcmd/themes/app/system/include/static/fonts/web-icons/web-icons.ttf?v=0.2.3
ERR: 无法加载控制器:Themes

[ 2016-08-28T16:22:58+08:00 ] ::1 /thinkcmd/upload/video/video.mp4
ERR: 无法加载控制器:Upload

[ 2016-08-28T16:22:58+08:00 ] ::1 /thinkcmd/themes/app/system/include/static/fonts/font-awesome/fontawesome-webfont.woff2?v=4.5.0
ERR: 无法加载控制器:Themes

[ 2016-08-28T16:22:58+08:00 ] ::1 /thinkcmd/themes/app/system/include/static/fonts/font-awesome/fontawesome-webfont.woff?v=4.5.0
ERR: 无法加载控制器:Themes

[ 2016-08-28T16:22:59+08:00 ] ::1 /thinkcmd/themes/app/system/include/static/fonts/web-icons/web-icons.woff2?v=0.2.3
ERR: 无法加载控制器:Themes

[ 2016-08-28T16:22:59+08:00 ] ::1 /thinkcmd/themes/app/system/include/static/fonts/font-awesome/fontawesome-webfont.ttf?v=4.5.0
ERR: 无法加载控制器:Themes

[ 2016-08-28T16:22:59+08:00 ] ::1 /thinkcmd/themes/app/system/include/static/fonts/web-icons/web-icons.woff?v=0.2.3
ERR: 无法加载控制器:Themes

[ 2016-08-28T16:22:59+08:00 ] ::1 /thinkcmd/themes/app/system/include/static/fonts/web-icons/web-icons.ttf?v=0.2.3
ERR: 无法加载控制器:Themes

[ 2016-08-28T16:23:17+08:00 ] ::1 /thinkcmd/upload/video/video.mp4
ERR: 无法加载控制器:Upload

[ 2016-08-28T16:23:17+08:00 ] ::1 /thinkcmd/themes/app/system/include/static/fonts/font-awesome/fontawesome-webfont.woff2?v=4.5.0
ERR: 无法加载控制器:Themes

[ 2016-08-28T16:23:17+08:00 ] ::1 /thinkcmd/themes/app/system/include/static/fonts/font-awesome/fontawesome-webfont.woff?v=4.5.0
ERR: 无法加载控制器:Themes

[ 2016-08-28T16:23:17+08:00 ] ::1 /thinkcmd/themes/app/system/include/static/fonts/web-icons/web-icons.woff2?v=0.2.3
ERR: 无法加载控制器:Themes

[ 2016-08-28T16:23:17+08:00 ] ::1 /thinkcmd/themes/app/system/include/static/fonts/font-awesome/fontawesome-webfont.ttf?v=4.5.0
ERR: 无法加载控制器:Themes

[ 2016-08-28T16:23:17+08:00 ] ::1 /thinkcmd/themes/app/system/include/static/fonts/web-icons/web-icons.woff?v=0.2.3
ERR: 无法加载控制器:Themes

[ 2016-08-28T16:23:17+08:00 ] ::1 /thinkcmd/themes/app/system/include/static/fonts/web-icons/web-icons.ttf?v=0.2.3
ERR: 无法加载控制器:Themes

[ 2016-08-28T16:23:50+08:00 ] ::1 /thinkcmd/themes/app/system/include/static/fonts/font-awesome/fontawesome-webfont.woff2?v=4.5.0
ERR: 无法加载控制器:Themes

[ 2016-08-28T16:23:50+08:00 ] ::1 /thinkcmd/upload/video/video.mp4
ERR: 无法加载控制器:Upload

[ 2016-08-28T16:23:50+08:00 ] ::1 /thinkcmd/themes/app/system/include/static/fonts/font-awesome/fontawesome-webfont.woff?v=4.5.0
ERR: 无法加载控制器:Themes

[ 2016-08-28T16:23:50+08:00 ] ::1 /thinkcmd/themes/app/system/include/static/fonts/web-icons/web-icons.woff2?v=0.2.3
ERR: 无法加载控制器:Themes

[ 2016-08-28T16:23:50+08:00 ] ::1 /thinkcmd/themes/app/system/include/static/fonts/font-awesome/fontawesome-webfont.ttf?v=4.5.0
ERR: 无法加载控制器:Themes

[ 2016-08-28T16:23:50+08:00 ] ::1 /thinkcmd/themes/app/system/include/static/fonts/web-icons/web-icons.woff?v=0.2.3
ERR: 无法加载控制器:Themes

[ 2016-08-28T16:23:50+08:00 ] ::1 /thinkcmd/themes/app/system/include/static/fonts/web-icons/web-icons.ttf?v=0.2.3
ERR: 无法加载控制器:Themes

[ 2016-08-28T16:26:06+08:00 ] ::1 /thinkcmd/upload/video/video.mp4
ERR: 无法加载控制器:Upload

[ 2016-08-28T16:26:06+08:00 ] ::1 /thinkcmd/themes/app/system/include/static/fonts/font-awesome/fontawesome-webfont.woff2?v=4.5.0
ERR: 无法加载控制器:Themes

[ 2016-08-28T16:26:06+08:00 ] ::1 /thinkcmd/themes/app/system/include/static/fonts/font-awesome/fontawesome-webfont.woff?v=4.5.0
ERR: 无法加载控制器:Themes

[ 2016-08-28T16:26:06+08:00 ] ::1 /thinkcmd/themes/app/system/include/static/fonts/web-icons/web-icons.woff2?v=0.2.3
ERR: 无法加载控制器:Themes

[ 2016-08-28T16:26:06+08:00 ] ::1 /thinkcmd/themes/app/system/include/static/fonts/font-awesome/fontawesome-webfont.ttf?v=4.5.0
ERR: 无法加载控制器:Themes

[ 2016-08-28T16:26:06+08:00 ] ::1 /thinkcmd/themes/app/system/include/static/fonts/web-icons/web-icons.woff?v=0.2.3
ERR: 无法加载控制器:Themes

[ 2016-08-28T16:26:06+08:00 ] ::1 /thinkcmd/themes/app/system/include/static/fonts/web-icons/web-icons.ttf?v=0.2.3
ERR: 无法加载控制器:Themes

[ 2016-08-28T16:26:30+08:00 ] ::1 /thinkcmd/include/thumb.php?dir=upload/201607/1467883017.jpg&x=400&y=235
ERR: 无法加载控制器:Include

[ 2016-08-28T16:26:30+08:00 ] ::1 /thinkcmd/include/thumb.php?dir=upload/201607/1468331036.jpg&x=400&y=235
ERR: 无法加载控制器:Include

[ 2016-08-28T16:26:30+08:00 ] ::1 /thinkcmd/include/thumb.php?dir=upload/201607/1467882285941105.jpg&x=400&y=235
ERR: 无法加载控制器:Include

[ 2016-08-28T16:26:30+08:00 ] ::1 /thinkcmd/include/thumb.php?dir=upload/201607/1467882285645304.jpg&x=400&y=235
ERR: 无法加载控制器:Include

[ 2016-08-28T16:26:30+08:00 ] ::1 /thinkcmd/include/thumb.php?dir=upload/201607/1467882284934736.jpg&x=400&y=235
ERR: 无法加载控制器:Include

[ 2016-08-28T16:26:31+08:00 ] ::1 /thinkcmd/include/thumb.php?dir=upload/201607/1468310209754605.jpg&x=320&y=180
ERR: 无法加载控制器:Include

[ 2016-08-28T16:26:31+08:00 ] ::1 /thinkcmd/include/thumb.php?dir=upload/201607/1468307527675297.jpg&x=320&y=180
ERR: 无法加载控制器:Include

[ 2016-08-28T16:26:31+08:00 ] ::1 /thinkcmd/include/thumb.php?dir=upload/201607/1468308663100221.jpg&x=320&y=180
ERR: 无法加载控制器:Include

[ 2016-08-28T16:26:31+08:00 ] ::1 /thinkcmd/include/thumb.php?dir=upload/201607/1468308011101580.png&x=320&y=180
ERR: 无法加载控制器:Include

[ 2016-08-28T16:26:42+08:00 ] ::1 /thinkcmd/upload/video/video.mp4
ERR: 无法加载控制器:Upload

[ 2016-08-28T16:26:42+08:00 ] ::1 /thinkcmd/themes/app/system/include/static/fonts/font-awesome/fontawesome-webfont.woff2?v=4.5.0
ERR: 无法加载控制器:Themes

[ 2016-08-28T16:26:42+08:00 ] ::1 /thinkcmd/themes/app/system/include/static/fonts/font-awesome/fontawesome-webfont.woff?v=4.5.0
ERR: 无法加载控制器:Themes

[ 2016-08-28T16:26:42+08:00 ] ::1 /thinkcmd/themes/app/system/include/static/fonts/web-icons/web-icons.woff2?v=0.2.3
ERR: 无法加载控制器:Themes

[ 2016-08-28T16:26:42+08:00 ] ::1 /thinkcmd/themes/app/system/include/static/fonts/font-awesome/fontawesome-webfont.ttf?v=4.5.0
ERR: 无法加载控制器:Themes

[ 2016-08-28T16:26:42+08:00 ] ::1 /thinkcmd/themes/app/system/include/static/fonts/web-icons/web-icons.woff?v=0.2.3
ERR: 无法加载控制器:Themes

[ 2016-08-28T16:26:42+08:00 ] ::1 /thinkcmd/themes/app/system/include/static/fonts/web-icons/web-icons.ttf?v=0.2.3
ERR: 无法加载控制器:Themes

[ 2016-08-28T16:27:31+08:00 ] ::1 /thinkcmd/upload/video/video.mp4
ERR: 无法加载控制器:Upload

[ 2016-08-28T16:27:31+08:00 ] ::1 /thinkcmd/themes/app/system/include/static/fonts/font-awesome/fontawesome-webfont.woff2?v=4.5.0
ERR: 无法加载控制器:Themes

[ 2016-08-28T16:27:31+08:00 ] ::1 /thinkcmd/themes/app/system/include/static/fonts/font-awesome/fontawesome-webfont.woff?v=4.5.0
ERR: 无法加载控制器:Themes

[ 2016-08-28T16:27:32+08:00 ] ::1 /thinkcmd/themes/app/system/include/static/fonts/web-icons/web-icons.woff2?v=0.2.3
ERR: 无法加载控制器:Themes

[ 2016-08-28T16:27:32+08:00 ] ::1 /thinkcmd/themes/app/system/include/static/fonts/font-awesome/fontawesome-webfont.ttf?v=4.5.0
ERR: 无法加载控制器:Themes

[ 2016-08-28T16:27:32+08:00 ] ::1 /thinkcmd/themes/app/system/include/static/fonts/web-icons/web-icons.woff?v=0.2.3
ERR: 无法加载控制器:Themes

[ 2016-08-28T16:27:32+08:00 ] ::1 /thinkcmd/themes/app/system/include/static/fonts/web-icons/web-icons.ttf?v=0.2.3
ERR: 无法加载控制器:Themes

[ 2016-08-28T16:27:42+08:00 ] ::1 /thinkcmd/upload/video/video.mp4
ERR: 无法加载控制器:Upload

[ 2016-08-28T16:27:42+08:00 ] ::1 /thinkcmd/themes/app/system/include/static/fonts/font-awesome/fontawesome-webfont.woff2?v=4.5.0
ERR: 无法加载控制器:Themes

[ 2016-08-28T16:27:42+08:00 ] ::1 /thinkcmd/themes/app/system/include/static/fonts/font-awesome/fontawesome-webfont.woff?v=4.5.0
ERR: 无法加载控制器:Themes

[ 2016-08-28T16:27:42+08:00 ] ::1 /thinkcmd/themes/app/system/include/static/fonts/web-icons/web-icons.woff2?v=0.2.3
ERR: 无法加载控制器:Themes

[ 2016-08-28T16:27:42+08:00 ] ::1 /thinkcmd/themes/app/system/include/static/fonts/font-awesome/fontawesome-webfont.ttf?v=4.5.0
ERR: 无法加载控制器:Themes

[ 2016-08-28T16:27:42+08:00 ] ::1 /thinkcmd/themes/app/system/include/static/fonts/web-icons/web-icons.woff?v=0.2.3
ERR: 无法加载控制器:Themes

[ 2016-08-28T16:27:42+08:00 ] ::1 /thinkcmd/themes/app/system/include/static/fonts/web-icons/web-icons.ttf?v=0.2.3
ERR: 无法加载控制器:Themes

[ 2016-08-28T16:28:44+08:00 ] ::1 /thinkcmd/upload/video/video.mp4
ERR: 无法加载控制器:Upload

[ 2016-08-28T16:28:44+08:00 ] ::1 /thinkcmd/themes/app/system/include/static/fonts/font-awesome/fontawesome-webfont.woff2?v=4.5.0
ERR: 无法加载控制器:Themes

[ 2016-08-28T16:28:44+08:00 ] ::1 /thinkcmd/themes/app/system/include/static/fonts/font-awesome/fontawesome-webfont.woff?v=4.5.0
ERR: 无法加载控制器:Themes

[ 2016-08-28T16:28:44+08:00 ] ::1 /thinkcmd/themes/app/system/include/static/fonts/web-icons/web-icons.woff2?v=0.2.3
ERR: 无法加载控制器:Themes

[ 2016-08-28T16:28:44+08:00 ] ::1 /thinkcmd/themes/app/system/include/static/fonts/font-awesome/fontawesome-webfont.ttf?v=4.5.0
ERR: 无法加载控制器:Themes

[ 2016-08-28T16:28:44+08:00 ] ::1 /thinkcmd/themes/app/system/include/static/fonts/web-icons/web-icons.woff?v=0.2.3
ERR: 无法加载控制器:Themes

[ 2016-08-28T16:28:44+08:00 ] ::1 /thinkcmd/themes/app/system/include/static/fonts/web-icons/web-icons.ttf?v=0.2.3
ERR: 无法加载控制器:Themes

[ 2016-08-28T16:28:48+08:00 ] ::1 /thinkcmd/themes/pbyx/Public/js/imagesloaded.pkgd.min.js
ERR: 无法加载控制器:Themes

[ 2016-08-28T16:28:48+08:00 ] ::1 /thinkcmd/themes/pbyx/Public/js/masonry.pkgd.min.js
ERR: 无法加载控制器:Themes

[ 2016-08-28T16:28:50+08:00 ] ::1 /thinkcmd/upload/video/video.mp4
ERR: 无法加载控制器:Upload

