[ 2016-08-28T15:43:21+08:00 ] ::1 /thinkcmd/index.php?g=Admin&m=setting&a=site_post
INFO: [ app_begin ] --START--
INFO: Run Behavior\ReadHtmlCacheBehavior [ RunTime:0.001001s ]
INFO: Run Behavior\CheckLangBehavior [ RunTime:0.001000s ]
INFO: [ app_begin ] --END-- [ RunTime:0.002001s ]
SQL: SHOW COLUMNS FROM `cmf_users` [ RunTime:0.0000s ]
SQL: SELECT * FROM `cmf_users` WHERE ( id=1 ) LIMIT 1   [ RunTime:0.0000s ]
SQL: SHOW COLUMNS FROM `cmf_options` [ RunTime:0.0000s ]
SQL: SELECT * FROM `cmf_options` WHERE ( option_name='site_options' ) LIMIT 1   [ RunTime:0.0000s ]
SQL: UPDATE `cmf_options` SET `option_id`='2',`option_name`='site_options',`option_value`='{\"site_name\":\"\\u4eab\\u7684\\u5e73\\u677f\\u97f3\\u54cd\",\"site_host\":\"http:\\/\\/localhost\\/\",\"site_admin_url_password\":\"\",\"site_tpl\":\"pbyx\",\"site_adminstyle\":\"bluesky\",\"site_icp\":\"\",\"site_admin_email\":\"171663097@qq.com\",\"site_tongji\":\"\",\"site_copyright\":\"\",\"site_seo_title\":\"ThinkCMF\\u5185\\u5bb9\\u7ba1\\u7406\\u6846\\u67b6\",\"site_seo_keywords\":\"ThinkCMF,php,\\u5185\\u5bb9\\u7ba1\\u7406\\u6846\\u67b6,cmf,cms,\\u7b80\\u7ea6\\u98ce, simplewind,framework\",\"site_seo_description\":\"ThinkCMF\\u662f\\u7b80\\u7ea6\\u98ce\\u7f51\\u7edc\\u79d1\\u6280\\u53d1\\u5e03\\u7684\\u4e00\\u6b3e\\u7528\\u4e8e\\u5feb\\u901f\\u5f00\\u53d1\\u7684\\u5185\\u5bb9\\u7ba1\\u7406\\u6846\\u67b6\",\"urlmode\":\"0\",\"html_suffix\":\"\",\"comment_time_interval\":60}' WHERE ( option_name='site_options' ) [ RunTime:0.0000s ]
SQL: SHOW COLUMNS FROM `cmf_options` [ RunTime:0.0000s ]
SQL: SELECT * FROM `cmf_options` WHERE ( option_name='cmf_settings' ) LIMIT 1   [ RunTime:0.0000s ]
SQL: UPDATE `cmf_options` SET `option_name`='cmf_settings',`option_value`='{\"banned_usernames\":\"\"}' WHERE ( option_name='cmf_settings' ) [ RunTime:0.0000s ]

[ 2016-08-28T16:27:36+08:00 ] ::1 /thinkcmd/index.php?g=Admin&m=nav&a=listorders
INFO: [ app_begin ] --START--
INFO: Run Behavior\ReadHtmlCacheBehavior [ RunTime:0.000000s ]
INFO: Run Behavior\CheckLangBehavior [ RunTime:0.001000s ]
INFO: [ app_begin ] --END-- [ RunTime:0.002000s ]
SQL: SHOW COLUMNS FROM `cmf_users` [ RunTime:0.0010s ]
SQL: SELECT * FROM `cmf_users` WHERE ( id=1 ) LIMIT 1   [ RunTime:0.0000s ]
SQL: SHOW COLUMNS FROM `cmf_nav` [ RunTime:0.0000s ]
SQL: SHOW COLUMNS FROM `cmf_nav_cat` [ RunTime:0.0000s ]
SQL: UPDATE `cmf_nav` SET `listorder`='1' WHERE `id` = 1 [ RunTime:0.0000s ]
SQL: UPDATE `cmf_nav` SET `listorder`='2' WHERE `id` = 2 [ RunTime:0.0000s ]
SQL: UPDATE `cmf_nav` SET `listorder`='3' WHERE `id` = 4 [ RunTime:0.0000s ]
SQL: UPDATE `cmf_nav` SET `listorder`='4' WHERE `id` = 5 [ RunTime:0.0000s ]
SQL: UPDATE `cmf_nav` SET `listorder`='5' WHERE `id` = 3 [ RunTime:0.0000s ]
SQL: UPDATE `cmf_nav` SET `listorder`='6' WHERE `id` = 6 [ RunTime:0.0000s ]
SQL: UPDATE `cmf_nav` SET `listorder`='7' WHERE `id` = 7 [ RunTime:0.0000s ]
SQL: UPDATE `cmf_nav` SET `listorder`='0' WHERE `id` = 10 [ RunTime:0.0000s ]
SQL: UPDATE `cmf_nav` SET `listorder`='0' WHERE `id` = 11 [ RunTime:0.0000s ]
SQL: UPDATE `cmf_nav` SET `listorder`='8' WHERE `id` = 8 [ RunTime:0.0000s ]
SQL: UPDATE `cmf_nav` SET `listorder`='0' WHERE `id` = 12 [ RunTime:0.0000s ]
SQL: UPDATE `cmf_nav` SET `listorder`='0' WHERE `id` = 13 [ RunTime:0.0000s ]
SQL: UPDATE `cmf_nav` SET `listorder`='0' WHERE `id` = 14 [ RunTime:0.0000s ]
SQL: UPDATE `cmf_nav` SET `listorder`='9' WHERE `id` = 9 [ RunTime:0.0000s ]
SQL: UPDATE `cmf_nav` SET `listorder`='0' WHERE `id` = 15 [ RunTime:0.0000s ]
SQL: UPDATE `cmf_nav` SET `listorder`='0' WHERE `id` = 16 [ RunTime:0.0000s ]

[ 2016-08-28T16:27:39+08:00 ] ::1 /thinkcmd/index.php?g=Admin&m=nav&a=listorders
INFO: [ app_begin ] --START--
INFO: Run Behavior\ReadHtmlCacheBehavior [ RunTime:0.001000s ]
INFO: Run Behavior\CheckLangBehavior [ RunTime:0.001000s ]
INFO: [ app_begin ] --END-- [ RunTime:0.002000s ]
SQL: SHOW COLUMNS FROM `cmf_users` [ RunTime:0.0010s ]
SQL: SELECT * FROM `cmf_users` WHERE ( id=1 ) LIMIT 1   [ RunTime:0.0010s ]
SQL: SHOW COLUMNS FROM `cmf_nav` [ RunTime:0.0010s ]
SQL: SHOW COLUMNS FROM `cmf_nav_cat` [ RunTime:0.0000s ]
SQL: UPDATE `cmf_nav` SET `listorder`='1' WHERE `id` = 1 [ RunTime:0.0000s ]
SQL: UPDATE `cmf_nav` SET `listorder`='2' WHERE `id` = 2 [ RunTime:0.0000s ]
SQL: UPDATE `cmf_nav` SET `listorder`='3' WHERE `id` = 4 [ RunTime:0.0000s ]
SQL: UPDATE `cmf_nav` SET `listorder`='4' WHERE `id` = 5 [ RunTime:0.0000s ]
SQL: UPDATE `cmf_nav` SET `listorder`='5' WHERE `id` = 3 [ RunTime:0.0000s ]
SQL: UPDATE `cmf_nav` SET `listorder`='6' WHERE `id` = 6 [ RunTime:0.0010s ]
SQL: UPDATE `cmf_nav` SET `listorder`='7' WHERE `id` = 7 [ RunTime:0.0000s ]
SQL: UPDATE `cmf_nav` SET `listorder`='0' WHERE `id` = 10 [ RunTime:0.0000s ]
SQL: UPDATE `cmf_nav` SET `listorder`='0' WHERE `id` = 11 [ RunTime:0.0010s ]
SQL: UPDATE `cmf_nav` SET `listorder`='8' WHERE `id` = 8 [ RunTime:0.0000s ]
SQL: UPDATE `cmf_nav` SET `listorder`='0' WHERE `id` = 12 [ RunTime:0.0000s ]
SQL: UPDATE `cmf_nav` SET `listorder`='0' WHERE `id` = 13 [ RunTime:0.0010s ]
SQL: UPDATE `cmf_nav` SET `listorder`='0' WHERE `id` = 14 [ RunTime:0.0000s ]
SQL: UPDATE `cmf_nav` SET `listorder`='9' WHERE `id` = 9 [ RunTime:0.0000s ]
SQL: UPDATE `cmf_nav` SET `listorder`='0' WHERE `id` = 15 [ RunTime:0.0000s ]
SQL: UPDATE `cmf_nav` SET `listorder`='0' WHERE `id` = 16 [ RunTime:0.0010s ]

